Arguments: 
  C:\Program Files\nodejs\node.exe C:\Program Files (x86)\Yarn\bin\yarn.js add global react-native-cli

PATH: 
  C:\Program Files\Git\mingw64\bin;C:\Program Files\Git\usr\bin;C:\Users\thiag\bin;C:\Program Files\NVIDIA GPU Computing Toolkit\CUDA\v10.2\bin;C:\Program Files\NVIDIA GPU Computing Toolkit\CUDA\v10.2\libnvvp;C:\Program Files (x86)\Common Files\Oracle\Java\javapath;C:\Windows\system32;C:\Windows;C:\Windows\System32\Wbem;C:\Windows\System32\WindowsPowerShell\v1.0;C:\Windows\System32\OpenSSH;C:\Program Files (x86)\NVIDIA Corporation\PhysX\Common;D:\Soft\cmake-3.17.3-win64-x64\bin;C:\Program Files\NVIDIA Corporation\Nsight Compute 2019.5.0;C:\Program Files\dotnet;C:\WINDOWS\system32;C:\WINDOWS;C:\WINDOWS\System32\Wbem;C:\WINDOWS\System32\WindowsPowerShell\v1.0;C:\WINDOWS\System32\OpenSSH;C:\Users\thiag\AppData\Local\GitHubDesktop\bin;C:\Program Files\Git\cmd;C:\Program Files\heroku\bin;C:\Program Files\nodejs;C:\ProgramData\chocolatey\bin;C:\Program Files (x86)\Yarn\bin;C:\Program Files\Common Files\Autodesk Shared;C:\Program Files (x86)\Intel\Intel(R) Management Engine Components\DAL;C:\Program Files\Intel\Intel(R) Management Engine Components\DAL;C:\Program Files\PostgreSQL\12\bin;C:\Users\thiag\Anaconda3;C:\Users\thiag\Anaconda3\Library\mingw-w64\bin;C:\Users\thiag\Anaconda3\Library\usr\bin;C:\Users\thiag\Anaconda3\Library\bin;C:\Users\thiag\Anaconda3\Scripts;C:\Users\thiag\Anaconda3\bin;C:\Users\thiag\Anaconda3\condabin;C:\Program Files\NVIDIA GPU Computing Toolkit\CUDA\v10.2\bin;C:\Program Files\NVIDIA GPU Computing Toolkit\CUDA\v10.2\libnvvp;C:\Program Files (x86)\Common Files\Oracle\Java\javapath;C:\Windows\system32;C:\Windows;C:\Windows\System32\Wbem;C:\Windows\System32\WindowsPowerShell\v1.0;C:\Windows\System32\OpenSSH;C:\Program Files (x86)\NVIDIA Corporation\PhysX\Common;C:\Program Files (x86)\Intel\Intel(R) Management Engine Components\DAL;C:\Program Files\Intel\Intel(R) Management Engine Components\DAL;D:\Soft\cmake-3.17.3-win64-x64\bin;C:\Program Files\NVIDIA Corporation\Nsight Compute 2019.5.0;C:\Program Files\dotnet;C:\WINDOWS\system32;C:\WINDOWS;C:\WINDOWS\System32\Wbem;C:\WINDOWS\System32\WindowsPowerShell\v1.0;C:\WINDOWS\System32\OpenSSH;C:\Users\thiag\AppData\Local\Gi;C:\Program Files\heroku\bin;C:\Users\thiag\AppData\Local\Programs\Microsoft VS Code\bin;C:\Users\thiag\AppData\Roaming\npm;C:\Users\thiag\AppData\Local\Yarn\bin;C:\Users\thiag\AppData\Local\Microsoft\WindowsApps;C:\Program Files\PostgreSQL\12\bin

Yarn version: 
  1.22.4

Node version: 
  12.18.3

Platform: 
  win32 x64

Trace: 
  Error: ENOSPC: no space left on device, copyfile 'C:\Users\thiag\AppData\Local\Yarn\Cache\v6\npm-react-native-0.63.2-5a545ad0b464824817ad699bb104d031d6ff6c39\node_modules\react-native\ReactCommon\hermes\inspector\Inspector.cpp' -> 'C:\Users\thiag\Desktop\dev\ThiagueraApp\ThiagueraApp\node_modules\react-native\ReactCommon\hermes\inspector\Inspector.cpp'

npm manifest: 
  {
    "main": "node_modules/expo/AppEntry.js",
    "scripts": {
      "start": "expo start",
      "android": "expo start --android",
      "ios": "expo start --ios",
      "web": "expo start --web",
      "eject": "expo eject"
    },
    "dependencies": {
      "expo": "~40.0.0",
      "expo-status-bar": "~1.0.3",
      "react": "16.13.1",
      "react-dom": "16.13.1",
      "react-native": "https://github.com/expo/react-native/archive/sdk-40.0.1.tar.gz",
      "react-native-web": "~0.13.12"
    },
    "devDependencies": {
      "@babel/core": "~7.9.0"
    },
    "private": true
  }

yarn manifest: 
  No manifest

Lockfile: 
  No lockfile
